<?xml version="1.0" encoding="UTF-8"?>
<!-- Generated by org.testng.reporters.JUnitReportReporter -->
<testsuite hostname="Sourabh" failures="0" tests="1" name="WebAppsTest.WebTest" time="8.189" errors="0" timestamp="2024-05-02T16:07:50 IST" skipped="0">
  <testcase classname="WebAppsTest.WebTest" name="Test1" time="8.189"/>
  <system-out/>
</testsuite> <!-- WebAppsTest.WebTest -->
