<?xml version="1.0" encoding="UTF-8"?>
<!-- Generated by org.testng.reporters.JUnitReportReporter -->
<testsuite hostname="Sourabh" failures="0" tests="4" name="NativeApps.ApiDemos" time="15.618" errors="0" timestamp="2024-04-29T14:00:21 IST" skipped="3">
  <testcase classname="NativeApps.ApiDemos" name="dragAndDrop" time="15.618"/>
  <system-out/>
  <testcase classname="NativeApps.ApiDemos" name="views">
    <skipped/>
  </testcase> <!-- views -->
  <system-out/>
  <testcase classname="NativeApps.ApiDemos" name="test1">
    <skipped/>
  </testcase> <!-- test1 -->
  <system-out/>
  <testcase classname="NativeApps.ApiDemos" name="notification">
    <skipped/>
  </testcase> <!-- notification -->
  <system-out/>
</testsuite> <!-- NativeApps.ApiDemos -->
