<?xml version="1.0" encoding="UTF-8"?>
<!-- Generated by org.testng.reporters.JUnitReportReporter -->
<testsuite hostname="Sourabh" failures="0" tests="1" name="HybridAppTest.HybridAppsTesting" time="59.870" errors="0" timestamp="2024-05-02T01:58:32 IST" skipped="0">
  <testcase classname="HybridAppTest.HybridAppsTesting" name="loginGeneralStore" time="59.870"/>
  <system-out/>
</testsuite> <!-- HybridAppTest.HybridAppsTesting -->
